\BOOKMARK [0][-]{chapter.1}{Linear Programming}{}% 1
\BOOKMARK [1][-]{section.1.1}{The structure of a linear program}{chapter.1}% 2
\BOOKMARK [1][-]{section.1.3}{feasible and optimal solutions}{chapter.1}% 3
\BOOKMARK [1][-]{section.1.4}{Convexity}{chapter.1}% 4
\BOOKMARK [1][-]{section.1.7}{The geometric/graphical intuition}{chapter.1}% 5
\BOOKMARK [1][-]{section.1.8}{Matrix representation of an LP and Slack variables}{chapter.1}% 6
\BOOKMARK [1][-]{section.1.9}{Duality}{chapter.1}% 7
\BOOKMARK [1][-]{section.1.12}{Worst case runtime of an LP}{chapter.1}% 8
\BOOKMARK [1][-]{section.1.13}{The simplex method}{chapter.1}% 9
\BOOKMARK [0][-]{chapter.2}{Integer Programming and Graphs}{}% 10
\BOOKMARK [1][-]{section.2.1}{Some Graph notation}{chapter.2}% 11
\BOOKMARK [1][-]{section.2.9}{Integer and Binary Constraints}{chapter.2}% 12
\BOOKMARK [1][-]{section.2.11}{The Convex Hull}{chapter.2}% 13
\BOOKMARK [1][-]{section.2.12}{Mixed Integer Programming - MIP}{chapter.2}% 14
\BOOKMARK [1][-]{section.2.13}{Relaxation}{chapter.2}% 15
\BOOKMARK [1][-]{section.2.14}{Integer Programming is NP-hard}{chapter.2}% 16
\BOOKMARK [0][-]{chapter.3}{Graph colouring}{}% 17
\BOOKMARK [1][-]{section.3.1}{Fundamental colouring terms and results}{chapter.3}% 18
\BOOKMARK [1][-]{section.3.8}{Integer programming formulations}{chapter.3}% 19
\BOOKMARK [0][-]{appendix.A}{Test appendix}{}% 20
